# JRE version: Java(TM) SE Runtime Environment (8.0_74-b02) (build 1.8.0_74-b02)
# Java VM: Java HotSpot(TM) 64-Bit Server VM (25.74-b02 mixed mode windows-amd64 compressed oops)
Heap:
 PSYoungGen      total 247808K, used 213730K [0x00000000eab00000, 0x00000000fbb80000, 0x0000000100000000)
  eden space 224256K, 95% used [0x00000000eab00000,0x00000000f7bb89b0,0x00000000f8600000)
  from space 23552K, 0% used [0x00000000f9f80000,0x00000000f9f80000,0x00000000fb680000)
  to   space 26112K, 0% used [0x00000000f8600000,0x00000000f8600000,0x00000000f9f80000)
 ParOldGen       total 228864K, used 44562K [0x00000000c0000000, 0x00000000cdf80000, 0x00000000eab00000)
  object space 228864K, 19% used [0x00000000c0000000,0x00000000c2b84a50,0x00000000cdf80000)
 Metaspace       used 57783K, capacity 60644K, committed 61824K, reserved 1103872K
  class space    used 7589K, capacity 8126K, committed 8320K, reserved 1048576K
GC Heap History (10 events):
Event: 3884.355 GC heap before
{Heap before GC invocations=20 (full 6):
 PSYoungGen      total 221184K, used 206983K [0x00000000eab00000, 0x00000000fae80000, 0x0000000100000000)
  eden space 214528K, 96% used [0x00000000eab00000,0x00000000f7521c30,0x00000000f7c80000)
  from space 6656K, 0% used [0x00000000f7c80000,0x00000000f7c80000,0x00000000f8300000)
  to   space 25600K, 0% used [0x00000000f9580000,0x00000000f9580000,0x00000000fae80000)
 ParOldGen       total 228864K, used 40613K [0x00000000c0000000, 0x00000000cdf80000, 0x00000000eab00000)
  object space 228864K, 17% used [0x00000000c0000000,0x00000000c27a95d0,0x00000000cdf80000)
 Metaspace       used 56823K, capacity 59804K, committed 60800K, reserved 1101824K
  class space    used 7510K, capacity 8047K, committed 8320K, reserved 1048576K
Event: 3884.364 GC heap after
Heap after GC invocations=20 (full 6):
 PSYoungGen      total 238080K, used 6096K [0x00000000eab00000, 0x00000000fac80000, 0x0000000100000000)
  eden space 214528K, 0% used [0x00000000eab00000,0x00000000eab00000,0x00000000f7c80000)
  from space 23552K, 25% used [0x00000000f9580000,0x00000000f9b74030,0x00000000fac80000)
  to   space 24576K, 0% used [0x00000000f7c80000,0x00000000f7c80000,0x00000000f9480000)
 ParOldGen       total 228864K, used 40621K [0x00000000c0000000, 0x00000000cdf80000, 0x00000000eab00000)
  object space 228864K, 17% used [0x00000000c0000000,0x00000000c27ab5d0,0x00000000cdf80000)
 Metaspace       used 56823K, capacity 59804K, committed 60800K, reserved 1101824K
  class space    used 7510K, capacity 8047K, committed 8320K, reserved 1048576K
}
Event: 3884.364 GC heap before
{Heap before GC invocations=21 (full 7):
 PSYoungGen      total 238080K, used 6096K [0x00000000eab00000, 0x00000000fac80000, 0x0000000100000000)
  eden space 214528K, 0% used [0x00000000eab00000,0x00000000eab00000,0x00000000f7c80000)
  from space 23552K, 25% used [0x00000000f9580000,0x00000000f9b74030,0x00000000fac80000)
  to   space 24576K, 0% used [0x00000000f7c80000,0x00000000f7c80000,0x00000000f9480000)
 ParOldGen       total 228864K, used 40621K [0x00000000c0000000, 0x00000000cdf80000, 0x00000000eab00000)
  object space 228864K, 17% used [0x00000000c0000000,0x00000000c27ab5d0,0x00000000cdf80000)
 Metaspace       used 56823K, capacity 59804K, committed 60800K, reserved 1101824K
  class space    used 7510K, capacity 8047K, committed 8320K, reserved 1048576K
Event: 3884.501 GC heap after
Heap after GC invocations=21 (full 7):
 PSYoungGen      total 238080K, used 0K [0x00000000eab00000, 0x00000000fac80000, 0x0000000100000000)
  eden space 214528K, 0% used [0x00000000eab00000,0x00000000eab00000,0x00000000f7c80000)
  from space 23552K, 0% used [0x00000000f9580000,0x00000000f9580000,0x00000000fac80000)
  to   space 24576K, 0% used [0x00000000f7c80000,0x00000000f7c80000,0x00000000f9480000)
 ParOldGen       total 228864K, used 26146K [0x00000000c0000000, 0x00000000cdf80000, 0x00000000eab00000)
  object space 228864K, 11% used [0x00000000c0000000,0x00000000c1988b98,0x00000000cdf80000)
 Metaspace       used 55360K, capacity 56638K, committed 60800K, reserved 1101824K
  class space    used 7143K, capacity 7327K, committed 8320K, reserved 1048576K
}
Event: 4124.925 GC heap before
{Heap before GC invocations=22 (full 7):
 PSYoungGen      total 238080K, used 214528K [0x00000000eab00000, 0x00000000fac80000, 0x0000000100000000)
  eden space 214528K, 100% used [0x00000000eab00000,0x00000000f7c80000,0x00000000f7c80000)
  from space 23552K, 0% used [0x00000000f9580000,0x00000000f9580000,0x00000000fac80000)
  to   space 24576K, 0% used [0x00000000f7c80000,0x00000000f7c80000,0x00000000f9480000)
 ParOldGen       total 228864K, used 26146K [0x00000000c0000000, 0x00000000cdf80000, 0x00000000eab00000)
  object space 228864K, 11% used [0x00000000c0000000,0x00000000c1988b98,0x00000000cdf80000)
 Metaspace       used 55997K, capacity 57732K, committed 61056K, reserved 1101824K
  class space    used 7253K, capacity 7508K, committed 8320K, reserved 1048576K
Event: 4124.931 GC heap after
Heap after GC invocations=22 (full 7):
 PSYoungGen      total 239104K, used 7792K [0x00000000eab00000, 0x00000000fb680000, 0x0000000100000000)
  eden space 214528K, 0% used [0x00000000eab00000,0x00000000eab00000,0x00000000f7c80000)
  from space 24576K, 31% used [0x00000000f7c80000,0x00000000f841c010,0x00000000f9480000)
  to   space 23552K, 0% used [0x00000000f9f80000,0x00000000f9f80000,0x00000000fb680000)
 ParOldGen       total 228864K, used 26154K [0x00000000c0000000, 0x00000000cdf80000, 0x00000000eab00000)
  object space 228864K, 11% used [0x00000000c0000000,0x00000000c198ab98,0x00000000cdf80000)
 Metaspace       used 55997K, capacity 57732K, committed 61056K, reserved 1101824K
  class space    used 7253K, capacity 7508K, committed 8320K, reserved 1048576K
}
Event: 4125.594 GC heap before
{Heap before GC invocations=23 (full 7):
 PSYoungGen      total 239104K, used 213910K [0x00000000eab00000, 0x00000000fb680000, 0x0000000100000000)
  eden space 214528K, 96% used [0x00000000eab00000,0x00000000f74498a0,0x00000000f7c80000)
  from space 24576K, 31% used [0x00000000f7c80000,0x00000000f841c010,0x00000000f9480000)
  to   space 23552K, 0% used [0x00000000f9f80000,0x00000000f9f80000,0x00000000fb680000)
 ParOldGen       total 228864K, used 26154K [0x00000000c0000000, 0x00000000cdf80000, 0x00000000eab00000)
  object space 228864K, 11% used [0x00000000c0000000,0x00000000c198ab98,0x00000000cdf80000)
 Metaspace       used 57304K, capacity 59866K, committed 61312K, reserved 1101824K
  class space    used 7538K, capacity 8016K, committed 8320K, reserved 1048576K
Event: 4125.607 GC heap after
Heap after GC invocations=23 (full 7):
 PSYoungGen      total 247808K, used 20122K [0x00000000eab00000, 0x00000000fbb80000, 0x0000000100000000)
  eden space 224256K, 0% used [0x00000000eab00000,0x00000000eab00000,0x00000000f8600000)
  from space 23552K, 85% used [0x00000000f9f80000,0x00000000fb326bb0,0x00000000fb680000)
  to   space 26112K, 0% used [0x00000000f8600000,0x00000000f8600000,0x00000000f9f80000)
 ParOldGen       total 228864K, used 26162K [0x00000000c0000000, 0x00000000cdf80000, 0x00000000eab00000)
  object space 228864K, 11% used [0x00000000c0000000,0x00000000c198cb98,0x00000000cdf80000)
 Metaspace       used 57304K, capacity 59866K, committed 61312K, reserved 1101824K
  class space    used 7538K, capacity 8016K, committed 8320K, reserved 1048576K
}
Event: 4125.607 GC heap before
{Heap before GC invocations=24 (full 8):
 PSYoungGen      total 247808K, used 20122K [0x00000000eab00000, 0x00000000fbb80000, 0x0000000100000000)
  eden space 224256K, 0% used [0x00000000eab00000,0x00000000eab00000,0x00000000f8600000)
  from space 23552K, 85% used [0x00000000f9f80000,0x00000000fb326bb0,0x00000000fb680000)
  to   space 26112K, 0% used [0x00000000f8600000,0x00000000f8600000,0x00000000f9f80000)
 ParOldGen       total 228864K, used 26162K [0x00000000c0000000, 0x00000000cdf80000, 0x00000000eab00000)
  object space 228864K, 11% used [0x00000000c0000000,0x00000000c198cb98,0x00000000cdf80000)
 Metaspace       used 57304K, capacity 59866K, committed 61312K, reserved 1101824K
  class space    used 7538K, capacity 8016K, committed 8320K, reserved 1048576K
Event: 4125.845 GC heap after
Heap after GC invocations=24 (full 8):
 PSYoungGen      total 247808K, used 0K [0x00000000eab00000, 0x00000000fbb80000, 0x0000000100000000)
  eden space 224256K, 0% used [0x00000000eab00000,0x00000000eab00000,0x00000000f8600000)
  from space 23552K, 0% used [0x00000000f9f80000,0x00000000f9f80000,0x00000000fb680000)
  to   space 26112K, 0% used [0x00000000f8600000,0x00000000f8600000,0x00000000f9f80000)
 ParOldGen       total 228864K, used 44562K [0x00000000c0000000, 0x00000000cdf80000, 0x00000000eab00000)
  object space 228864K, 19% used [0x00000000c0000000,0x00000000c2b84a50,0x00000000cdf80000)
 Metaspace       used 57224K, capacity 59656K, committed 61312K, reserved 1101824K
  class space    used 7515K, capacity 7990K, committed 8320K, reserved 1048576K
}

