# JRE version: Java(TM) SE Runtime Environment (8.0_74-b02) (build 1.8.0_74-b02)
# Java VM: Java HotSpot(TM) 64-Bit Server VM (25.74-b02 mixed mode windows-amd64 compressed oops)
Heap:
 PSYoungGen      total 125440K, used 103860K [0x00000000eab00000, 0x00000000f3c00000, 0x0000000100000000)
  eden space 113664K, 81% used [0x00000000eab00000,0x00000000f05008e8,0x00000000f1a00000)
  from space 11776K, 99% used [0x00000000f3080000,0x00000000f3becaa0,0x00000000f3c00000)
  to   space 16384K, 0% used [0x00000000f1c00000,0x00000000f1c00000,0x00000000f2c00000)
 ParOldGen       total 212992K, used 22048K [0x00000000c0000000, 0x00000000cd000000, 0x00000000eab00000)
  object space 212992K, 10% used [0x00000000c0000000,0x00000000c15881e0,0x00000000cd000000)
 Metaspace       used 41489K, capacity 42374K, committed 42624K, reserved 1085440K
  class space    used 5707K, capacity 5943K, committed 6016K, reserved 1048576K
GC Heap History (10 events):
Event: 2.294 GC heap before
{Heap before GC invocations=4 (full 1):
 PSYoungGen      total 76288K, used 65536K [0x00000000eab00000, 0x00000000f4000000, 0x0000000100000000)
  eden space 65536K, 100% used [0x00000000eab00000,0x00000000eeb00000,0x00000000eeb00000)
  from space 10752K, 0% used [0x00000000ef580000,0x00000000ef580000,0x00000000f0000000)
  to   space 10752K, 0% used [0x00000000eeb00000,0x00000000eeb00000,0x00000000ef580000)
 ParOldGen       total 121344K, used 11451K [0x00000000c0000000, 0x00000000c7680000, 0x00000000eab00000)
  object space 121344K, 9% used [0x00000000c0000000,0x00000000c0b2ec98,0x00000000c7680000)
 Metaspace       used 25713K, capacity 26216K, committed 26496K, reserved 1073152K
  class space    used 3470K, capacity 3599K, committed 3712K, reserved 1048576K
Event: 2.300 GC heap after
Heap after GC invocations=4 (full 1):
 PSYoungGen      total 76288K, used 7648K [0x00000000eab00000, 0x00000000f1680000, 0x0000000100000000)
  eden space 65536K, 0% used [0x00000000eab00000,0x00000000eab00000,0x00000000eeb00000)
  from space 10752K, 71% used [0x00000000eeb00000,0x00000000ef2780d8,0x00000000ef580000)
  to   space 10752K, 0% used [0x00000000f0c00000,0x00000000f0c00000,0x00000000f1680000)
 ParOldGen       total 121344K, used 11459K [0x00000000c0000000, 0x00000000c7680000, 0x00000000eab00000)
  object space 121344K, 9% used [0x00000000c0000000,0x00000000c0b30c98,0x00000000c7680000)
 Metaspace       used 25713K, capacity 26216K, committed 26496K, reserved 1073152K
  class space    used 3470K, capacity 3599K, committed 3712K, reserved 1048576K
}
Event: 2.903 GC heap before
{Heap before GC invocations=5 (full 1):
 PSYoungGen      total 76288K, used 73184K [0x00000000eab00000, 0x00000000f1680000, 0x0000000100000000)
  eden space 65536K, 100% used [0x00000000eab00000,0x00000000eeb00000,0x00000000eeb00000)
  from space 10752K, 71% used [0x00000000eeb00000,0x00000000ef2780d8,0x00000000ef580000)
  to   space 10752K, 0% used [0x00000000f0c00000,0x00000000f0c00000,0x00000000f1680000)
 ParOldGen       total 121344K, used 11459K [0x00000000c0000000, 0x00000000c7680000, 0x00000000eab00000)
  object space 121344K, 9% used [0x00000000c0000000,0x00000000c0b30c98,0x00000000c7680000)
 Metaspace       used 29393K, capacity 29882K, committed 29952K, reserved 1075200K
  class space    used 3908K, capacity 4050K, committed 4096K, reserved 1048576K
Event: 2.909 GC heap after
Heap after GC invocations=5 (full 1):
 PSYoungGen      total 98304K, used 7841K [0x00000000eab00000, 0x00000000f1600000, 0x0000000100000000)
  eden space 88064K, 0% used [0x00000000eab00000,0x00000000eab00000,0x00000000f0100000)
  from space 10240K, 76% used [0x00000000f0c00000,0x00000000f13a8608,0x00000000f1600000)
  to   space 10752K, 0% used [0x00000000f0100000,0x00000000f0100000,0x00000000f0b80000)
 ParOldGen       total 121344K, used 11467K [0x00000000c0000000, 0x00000000c7680000, 0x00000000eab00000)
  object space 121344K, 9% used [0x00000000c0000000,0x00000000c0b32c98,0x00000000c7680000)
 Metaspace       used 29393K, capacity 29882K, committed 29952K, reserved 1075200K
  class space    used 3908K, capacity 4050K, committed 4096K, reserved 1048576K
}
Event: 3.684 GC heap before
{Heap before GC invocations=6 (full 1):
 PSYoungGen      total 98304K, used 95905K [0x00000000eab00000, 0x00000000f1600000, 0x0000000100000000)
  eden space 88064K, 100% used [0x00000000eab00000,0x00000000f0100000,0x00000000f0100000)
  from space 10240K, 76% used [0x00000000f0c00000,0x00000000f13a8608,0x00000000f1600000)
  to   space 10752K, 0% used [0x00000000f0100000,0x00000000f0100000,0x00000000f0b80000)
 ParOldGen       total 121344K, used 11467K [0x00000000c0000000, 0x00000000c7680000, 0x00000000eab00000)
  object space 121344K, 9% used [0x00000000c0000000,0x00000000c0b32c98,0x00000000c7680000)
 Metaspace       used 34816K, capacity 35464K, committed 35496K, reserved 1079296K
  class space    used 4679K, capacity 4839K, committed 4864K, reserved 1048576K
Event: 3.696 GC heap after
Heap after GC invocations=6 (full 1):
 PSYoungGen      total 98816K, used 10740K [0x00000000eab00000, 0x00000000f4080000, 0x0000000100000000)
  eden space 88064K, 0% used [0x00000000eab00000,0x00000000eab00000,0x00000000f0100000)
  from space 10752K, 99% used [0x00000000f0100000,0x00000000f0b7d030,0x00000000f0b80000)
  to   space 16384K, 0% used [0x00000000f3080000,0x00000000f3080000,0x00000000f4080000)
 ParOldGen       total 121344K, used 16645K [0x00000000c0000000, 0x00000000c7680000, 0x00000000eab00000)
  object space 121344K, 13% used [0x00000000c0000000,0x00000000c10416d8,0x00000000c7680000)
 Metaspace       used 34816K, capacity 35464K, committed 35496K, reserved 1079296K
  class space    used 4679K, capacity 4839K, committed 4864K, reserved 1048576K
}
Event: 3.696 GC heap before
{Heap before GC invocations=7 (full 2):
 PSYoungGen      total 98816K, used 10740K [0x00000000eab00000, 0x00000000f4080000, 0x0000000100000000)
  eden space 88064K, 0% used [0x00000000eab00000,0x00000000eab00000,0x00000000f0100000)
  from space 10752K, 99% used [0x00000000f0100000,0x00000000f0b7d030,0x00000000f0b80000)
  to   space 16384K, 0% used [0x00000000f3080000,0x00000000f3080000,0x00000000f4080000)
 ParOldGen       total 121344K, used 16645K [0x00000000c0000000, 0x00000000c7680000, 0x00000000eab00000)
  object space 121344K, 13% used [0x00000000c0000000,0x00000000c10416d8,0x00000000c7680000)
 Metaspace       used 34816K, capacity 35464K, committed 35496K, reserved 1079296K
  class space    used 4679K, capacity 4839K, committed 4864K, reserved 1048576K
Event: 3.775 GC heap after
Heap after GC invocations=7 (full 2):
 PSYoungGen      total 98816K, used 0K [0x00000000eab00000, 0x00000000f4080000, 0x0000000100000000)
  eden space 88064K, 0% used [0x00000000eab00000,0x00000000eab00000,0x00000000f0100000)
  from space 10752K, 0% used [0x00000000f0100000,0x00000000f0100000,0x00000000f0b80000)
  to   space 16384K, 0% used [0x00000000f3080000,0x00000000f3080000,0x00000000f4080000)
 ParOldGen       total 212992K, used 22040K [0x00000000c0000000, 0x00000000cd000000, 0x00000000eab00000)
  object space 212992K, 10% used [0x00000000c0000000,0x00000000c15861e0,0x00000000cd000000)
 Metaspace       used 34816K, capacity 35464K, committed 35496K, reserved 1079296K
  class space    used 4679K, capacity 4839K, committed 4864K, reserved 1048576K
}
Event: 4.495 GC heap before
{Heap before GC invocations=8 (full 2):
 PSYoungGen      total 98816K, used 88064K [0x00000000eab00000, 0x00000000f4080000, 0x0000000100000000)
  eden space 88064K, 100% used [0x00000000eab00000,0x00000000f0100000,0x00000000f0100000)
  from space 10752K, 0% used [0x00000000f0100000,0x00000000f0100000,0x00000000f0b80000)
  to   space 16384K, 0% used [0x00000000f3080000,0x00000000f3080000,0x00000000f4080000)
 ParOldGen       total 212992K, used 22040K [0x00000000c0000000, 0x00000000cd000000, 0x00000000eab00000)
  object space 212992K, 10% used [0x00000000c0000000,0x00000000c15861e0,0x00000000cd000000)
 Metaspace       used 38570K, capacity 39352K, committed 39552K, reserved 1083392K
  class space    used 5252K, capacity 5441K, committed 5504K, reserved 1048576K
Event: 4.506 GC heap after
Heap after GC invocations=8 (full 2):
 PSYoungGen      total 125440K, used 11698K [0x00000000eab00000, 0x00000000f3c00000, 0x0000000100000000)
  eden space 113664K, 0% used [0x00000000eab00000,0x00000000eab00000,0x00000000f1a00000)
  from space 11776K, 99% used [0x00000000f3080000,0x00000000f3becaa0,0x00000000f3c00000)
  to   space 16384K, 0% used [0x00000000f1c00000,0x00000000f1c00000,0x00000000f2c00000)
 ParOldGen       total 212992K, used 22048K [0x00000000c0000000, 0x00000000cd000000, 0x00000000eab00000)
  object space 212992K, 10% used [0x00000000c0000000,0x00000000c15881e0,0x00000000cd000000)
 Metaspace       used 38570K, capacity 39352K, committed 39552K, reserved 1083392K
  class space    used 5252K, capacity 5441K, committed 5504K, reserved 1048576K
}

